{
  "RSpec": {
    "coverage": {
      "/home/mat/Área de Trabalho/speedfy/TrabEngSoftware/app/controllers/amigos_controller.rb": [
        1,
        1,
        null,
        null,
        null,
        1,
        1,
        null,
        null,
        null,
        null,
        1,
        null,
        null,
        null,
        1,
        1,
        null,
        null,
        null,
        1,
        null,
        null,
        null,
        null,
        1,
        5,
        null,
        5,
        5,
        6,
        3,
        null,
        4,
        2,
        null,
        null,
        null,
        null,
        null,
        null,
        null,
        null,
        null,
        null,
        null,
        null,
        null,
        null,
        null,
        null,
        null,
        null,
        null,
        null,
        1,
        2,
        2,
        4,
        2,
        null,
        null,
        null,
        null,
        null,
        1,
        1,
        1,
        1,
        2,
        1,
        null,
        null,
        null,
        null,
        1,
        null,
        1,
        4,
        null,
        null,
        null,
        1,
        6,
        null,
        null
      ],
      "/home/mat/Área de Trabalho/speedfy/TrabEngSoftware/app/controllers/application_controller.rb": [
        1,
        1,
        1,
        null
      ],
      "/home/mat/Área de Trabalho/speedfy/TrabEngSoftware/app/models/usuario.rb": [
        1,
        1,
        1,
        null,
        null,
        1,
        1,
        1,
        1,
        1,
        1,
        1,
        1,
        1,
        1,
        1,
        1,
        1,
        1,
        1,
        1,
        1,
        null,
        1,
        null,
        1,
        25,
        null,
        null,
        1,
        9,
        9,
        9,
        3,
        null,
        6,
        null,
        0,
        0,
        null,
        6,
        0,
        null,
        6,
        12,
        null,
        null,
        null,
        null
      ],
      "/home/mat/Área de Trabalho/speedfy/TrabEngSoftware/app/models/application_record.rb": [
        1,
        1,
        null
      ],
      "/home/mat/Área de Trabalho/speedfy/TrabEngSoftware/spec/controllers/comentarios_controller_spec.rb": [
        1,
        1,
        1,
        null,
        1,
        null,
        null,
        1,
        null,
        1,
        0,
        null,
        null,
        1,
        null,
        null,
        null,
        null,
        null,
        null,
        null,
        null,
        null,
        null,
        1,
        1,
        0,
        null,
        1,
        null,
        null,
        null,
        null,
        null,
        null,
        1,
        null,
        null,
        null,
        null,
        null,
        null,
        null,
        null,
        null,
        null,
        null,
        null,
        null,
        null,
        null,
        1,
        null,
        null,
        null,
        1,
        null,
        null,
        1,
        1,
        1,
        1,
        null,
        null,
        null,
        null,
        1,
        1,
        1,
        1,
        1,
        null,
        null,
        null,
        null,
        null
      ],
      "/home/mat/Área de Trabalho/speedfy/TrabEngSoftware/app/controllers/comentarios_controller.rb": [
        1,
        null,
        1,
        1,
        1,
        1,
        null,
        0,
        0,
        null,
        null,
        null,
        null,
        null,
        1,
        1,
        1,
        null,
        null
      ],
      "/home/mat/Área de Trabalho/speedfy/TrabEngSoftware/app/models/jogo.rb": [
        1,
        1,
        1,
        1,
        1,
        1,
        1,
        1,
        1,
        1,
        1,
        1,
        1,
        35,
        null,
        null,
        1,
        5,
        5,
        5,
        1,
        null,
        4,
        1,
        2,
        null,
        null,
        4,
        null,
        null,
        1,
        7,
        7,
        7,
        2,
        null,
        5,
        2,
        null,
        5,
        3,
        4,
        null,
        null,
        5,
        null,
        null,
        1,
        12,
        1,
        1,
        11,
        null,
        null,
        null,
        null,
        null,
        1,
        1,
        35,
        null,
        null,
        1,
        null,
        null,
        null,
        null,
        35,
        35,
        34,
        34,
        32,
        64,
        null,
        1,
        1,
        1,
        2,
        null,
        null,
        null,
        2,
        null,
        null,
        null,
        null
      ],
      "/home/mat/Área de Trabalho/speedfy/TrabEngSoftware/app/models/jogada.rb": [
        1,
        1,
        1,
        1,
        null,
        1,
        1,
        1,
        1,
        1,
        1,
        1,
        1,
        29,
        null,
        null,
        1,
        22,
        3,
        3,
        null,
        19,
        2,
        2,
        null,
        null,
        null,
        17,
        null,
        null,
        null,
        1,
        17,
        17,
        6,
        6,
        1,
        1,
        null,
        null,
        16,
        16,
        5,
        5,
        1,
        1,
        null,
        null,
        15,
        15,
        null,
        null,
        1,
        12,
        0,
        null,
        null,
        12,
        0,
        null,
        12,
        12,
        2,
        null,
        10,
        null,
        null,
        1,
        10,
        5,
        null,
        5,
        2,
        null,
        3,
        3,
        3,
        3,
        3,
        1,
        null,
        2,
        null,
        null,
        null,
        null,
        1,
        null,
        1,
        29,
        null,
        null,
        1,
        29,
        29,
        29,
        29,
        29,
        26,
        null,
        3,
        null,
        null,
        null
      ],
      "/home/mat/Área de Trabalho/speedfy/TrabEngSoftware/spec/controllers/contatos_controller_spec.rb": [
        1,
        1,
        1,
        1,
        null,
        null,
        null,
        null,
        1,
        null,
        null,
        null,
        null,
        null,
        null,
        10,
        null,
        null,
        1,
        null,
        null,
        null,
        null,
        null,
        null,
        2,
        null,
        null,
        null,
        null,
        null,
        13,
        null,
        1,
        1,
        1,
        1,
        1,
        null,
        null,
        null,
        1,
        1,
        1,
        1,
        1,
        null,
        null,
        null,
        1,
        1,
        1,
        1,
        null,
        null,
        null,
        1,
        1,
        1,
        1,
        1,
        null,
        null,
        null,
        1,
        1,
        1,
        1,
        1,
        null,
        null,
        null,
        1,
        1,
        1,
        null,
        null,
        null,
        1,
        1,
        1,
        1,
        null,
        null,
        null,
        null,
        1,
        1,
        1,
        null,
        null,
        null,
        null,
        null,
        null,
        1,
        null,
        null,
        1,
        1,
        1,
        1,
        1,
        1,
        null,
        null,
        1,
        1,
        1,
        1,
        null,
        null,
        null,
        1,
        1,
        1,
        1,
        1,
        null,
        null,
        null,
        null,
        1,
        1,
        1,
        1,
        1,
        null,
        null,
        null,
        1,
        1,
        1,
        1,
        null,
        null,
        null,
        null
      ],
      "/home/mat/Área de Trabalho/speedfy/TrabEngSoftware/app/controllers/contatos_controller.rb": [
        1,
        1,
        null,
        null,
        null,
        1,
        1,
        null,
        null,
        null,
        null,
        1,
        null,
        null,
        null,
        1,
        1,
        null,
        null,
        null,
        1,
        null,
        null,
        null,
        null,
        1,
        3,
        null,
        3,
        3,
        3,
        6,
        3,
        null,
        0,
        0,
        null,
        null,
        null,
        null,
        null,
        null,
        1,
        3,
        3,
        6,
        3,
        null,
        0,
        0,
        null,
        null,
        null,
        null,
        null,
        null,
        1,
        2,
        2,
        4,
        2,
        null,
        null,
        null,
        1,
        null,
        1,
        7,
        null,
        null,
        null,
        1,
        6,
        null,
        null
      ],
      "/home/mat/Área de Trabalho/speedfy/TrabEngSoftware/spec/controllers/generos_controller_spec.rb": [
        1,
        1,
        1,
        null,
        1,
        1,
        null,
        null,
        13,
        null,
        null,
        null,
        1,
        null,
        null,
        3,
        null,
        null,
        15,
        null,
        1,
        1,
        1,
        1,
        1,
        1,
        null,
        null,
        1,
        1,
        1,
        1,
        null,
        null,
        null,
        1,
        1,
        1,
        1,
        1,
        1,
        1,
        1,
        1,
        null,
        null,
        null,
        null,
        null,
        1,
        1,
        1,
        1,
        1,
        null,
        null,
        null,
        1,
        1,
        1,
        1,
        1,
        null,
        null,
        null,
        1,
        1,
        1,
        1,
        null,
        null,
        null,
        1,
        1,
        1,
        1,
        1,
        null,
        null,
        null,
        1,
        1,
        1,
        1,
        1,
        null,
        null,
        null,
        1,
        1,
        1,
        null,
        null,
        null,
        1,
        1,
        1,
        1,
        null,
        null,
        null,
        null,
        1,
        1,
        1,
        null,
        null,
        1,
        null,
        null,
        1,
        1,
        1,
        1,
        1,
        null,
        null,
        1,
        1,
        1,
        1,
        null,
        null,
        null,
        1,
        1,
        1,
        1,
        1,
        null,
        null,
        null,
        null,
        1,
        1,
        1,
        1,
        1,
        null,
        null,
        null,
        1,
        1,
        1,
        1,
        null,
        null,
        null,
        null
      ],
      "/home/mat/Área de Trabalho/speedfy/TrabEngSoftware/app/controllers/generos_controller.rb": [
        1,
        1,
        null,
        null,
        null,
        1,
        1,
        null,
        null,
        null,
        null,
        1,
        null,
        null,
        null,
        1,
        1,
        null,
        null,
        null,
        1,
        null,
        null,
        null,
        null,
        1,
        3,
        null,
        3,
        3,
        4,
        2,
        null,
        2,
        1,
        null,
        null,
        null,
        null,
        null,
        null,
        1,
        3,
        3,
        4,
        2,
        null,
        2,
        1,
        null,
        null,
        null,
        null,
        null,
        null,
        1,
        4,
        4,
        8,
        4,
        null,
        null,
        null,
        1,
        null,
        1,
        9,
        null,
        null,
        null,
        1,
        6,
        null,
        null
      ],
      "/home/mat/Área de Trabalho/speedfy/TrabEngSoftware/spec/controllers/hackroms_controller_spec.rb": [
        1,
        1,
        1,
        null,
        1,
        null,
        null,
        1,
        1,
        0,
        null,
        1,
        null,
        null,
        null,
        null,
        null,
        1,
        null,
        null,
        null,
        10,
        null,
        null,
        1,
        null,
        null,
        null,
        2,
        null,
        null,
        null,
        null,
        null,
        13,
        null,
        1,
        1,
        1,
        1,
        1,
        null,
        null,
        null,
        1,
        1,
        1,
        1,
        1,
        null,
        null,
        null,
        1,
        1,
        1,
        1,
        null,
        null,
        null,
        1,
        1,
        1,
        1,
        1,
        null,
        null,
        null,
        1,
        1,
        1,
        1,
        1,
        null,
        null,
        null,
        1,
        1,
        1,
        null,
        null,
        null,
        1,
        1,
        1,
        1,
        null,
        null,
        null,
        null,
        1,
        1,
        1,
        null,
        null,
        null,
        1,
        null,
        null,
        1,
        1,
        1,
        1,
        1,
        1,
        null,
        null,
        1,
        1,
        1,
        1,
        null,
        null,
        null,
        1,
        1,
        1,
        1,
        1,
        null,
        null,
        null,
        null,
        1,
        1,
        1,
        1,
        1,
        null,
        null,
        null,
        1,
        1,
        1,
        1,
        null,
        null,
        null,
        null
      ],
      "/home/mat/Área de Trabalho/speedfy/TrabEngSoftware/app/controllers/hackroms_controller.rb": [
        1,
        1,
        null,
        null,
        null,
        1,
        1,
        null,
        null,
        null,
        null,
        1,
        null,
        null,
        null,
        1,
        1,
        null,
        null,
        null,
        1,
        null,
        null,
        null,
        null,
        1,
        3,
        null,
        3,
        3,
        6,
        3,
        null,
        0,
        0,
        null,
        null,
        null,
        null,
        null,
        null,
        1,
        3,
        3,
        6,
        3,
        null,
        0,
        0,
        null,
        null,
        null,
        null,
        null,
        null,
        1,
        2,
        2,
        4,
        2,
        null,
        null,
        null,
        1,
        null,
        1,
        7,
        null,
        null,
        null,
        1,
        6,
        null,
        null
      ],
      "/home/mat/Área de Trabalho/speedfy/TrabEngSoftware/spec/controllers/jogadas_controller_spec.rb": [
        1,
        1,
        1,
        null,
        1,
        1,
        null,
        null,
        null,
        null,
        null,
        null,
        null,
        null,
        1,
        null,
        null,
        null,
        null,
        null,
        1,
        null,
        null,
        null,
        null,
        null,
        null,
        null,
        null,
        null,
        null,
        null,
        17,
        null,
        null,
        1,
        null,
        null,
        null,
        null,
        null,
        null,
        null,
        null,
        null,
        null,
        null,
        8,
        null,
        null,
        null,
        1,
        null,
        null,
        null,
        null,
        null,
        null,
        null,
        null,
        null,
        null,
        null,
        3,
        null,
        null,
        null,
        1,
        1,
        1,
        1,
        1,
        null,
        null,
        null,
        1,
        1,
        1,
        1,
        1,
        null,
        null,
        null,
        1,
        1,
        1,
        1,
        null,
        null,
        null,
        1,
        1,
        1,
        1,
        1,
        null,
        null,
        null,
        1,
        1,
        1,
        1,
        1,
        1,
        null,
        null,
        null,
        1,
        1,
        1,
        null,
        null,
        null,
        1,
        1,
        1,
        1,
        null,
        null,
        1,
        1,
        1,
        1,
        1,
        1,
        1,
        1,
        1,
        1,
        1,
        1,
        null,
        null,
        1,
        1,
        1,
        1,
        1,
        1,
        1,
        1,
        null,
        null,
        1,
        1,
        1,
        1,
        null,
        null,
        1,
        1,
        1,
        1,
        null,
        null,
        null,
        null,
        null,
        null,
        1,
        1,
        null,
        null,
        null,
        null,
        null,
        null,
        null,
        null,
        null,
        null,
        null,
        5,
        null,
        1,
        1,
        1,
        1,
        1,
        1,
        null,
        null,
        1,
        1,
        1,
        1,
        null,
        null,
        null,
        1,
        1,
        1,
        1,
        1,
        null,
        null,
        1,
        1,
        1,
        1,
        1,
        1,
        1,
        1,
        1,
        1,
        1,
        1,
        1,
        null,
        null,
        1,
        1,
        1,
        1,
        1,
        1,
        1,
        1,
        1,
        null,
        null,
        1,
        1,
        1,
        1,
        1,
        null,
        null,
        1,
        1,
        1,
        1,
        1,
        null,
        null,
        null,
        null,
        null,
        null,
        1,
        1,
        1,
        1,
        1,
        null,
        null,
        null,
        1,
        1,
        1,
        1,
        null,
        null,
        null,
        1,
        1,
        1,
        1,
        null,
        null,
        null,
        1,
        1,
        1,
        null,
        null,
        null,
        null,
        null,
        null,
        null
      ],
      "/home/mat/Área de Trabalho/speedfy/TrabEngSoftware/app/controllers/jogadas_controller.rb": [
        1,
        1,
        null,
        null,
        null,
        null,
        1,
        1,
        1,
        1,
        null,
        null,
        null,
        null,
        1,
        1,
        1,
        1,
        null,
        1,
        1,
        0,
        0,
        0,
        null,
        0,
        null,
        null,
        null,
        null,
        null,
        1,
        1,
        null,
        null,
        null,
        1,
        null,
        null,
        null,
        null,
        1,
        10,
        null,
        10,
        10,
        null,
        18,
        9,
        null,
        2,
        1,
        null,
        null,
        null,
        null,
        null,
        1,
        null,
        2,
        2,
        2,
        2,
        1,
        null,
        2,
        1,
        null,
        null,
        null,
        null,
        null,
        null,
        1,
        10,
        10,
        4,
        2,
        null,
        16,
        8,
        null,
        null,
        null,
        null,
        null,
        null,
        1,
        2,
        2,
        4,
        2,
        null,
        null,
        null,
        null,
        1,
        0,
        null,
        null,
        null,
        1,
        null,
        null,
        null,
        1,
        null,
        1,
        14,
        null,
        null,
        null,
        null,
        1,
        34,
        null,
        null
      ],
      "/home/mat/Área de Trabalho/speedfy/TrabEngSoftware/spec/controllers/jogos_controller_spec.rb": [
        1,
        1,
        1,
        null,
        1,
        1,
        null,
        null,
        null,
        1,
        null,
        null,
        null,
        1,
        null,
        null,
        null,
        null,
        17,
        null,
        null,
        1,
        null,
        null,
        null,
        null,
        1,
        null,
        null,
        1,
        null,
        null,
        null,
        null,
        null,
        1,
        null,
        null,
        1,
        null,
        null,
        null,
        null,
        2,
        null,
        null,
        1,
        null,
        null,
        null,
        null,
        null,
        null,
        null,
        null,
        1,
        null,
        null,
        null,
        1,
        1,
        null,
        null,
        19,
        null,
        1,
        1,
        1,
        1,
        null,
        1,
        1,
        1,
        1,
        1,
        null,
        1,
        1,
        1,
        1,
        null,
        1,
        1,
        1,
        1,
        null,
        1,
        1,
        1,
        1,
        null,
        null,
        1,
        1,
        1,
        1,
        1,
        1,
        1,
        1,
        1,
        null,
        null,
        null,
        null,
        null,
        1,
        1,
        1,
        1,
        1,
        1,
        null,
        1,
        1,
        1,
        1,
        1,
        1,
        1,
        null,
        null,
        null,
        null,
        1,
        1,
        1,
        1,
        1,
        1,
        null,
        null,
        null,
        1,
        1,
        1,
        1,
        1,
        null,
        1,
        1,
        1,
        1,
        1,
        1,
        1,
        1,
        1,
        1,
        1,
        null,
        null,
        null,
        null,
        1,
        1,
        1,
        1,
        1,
        null,
        null,
        null,
        1,
        1,
        1,
        1,
        1,
        null,
        null,
        null,
        1,
        1,
        1,
        1,
        null,
        null,
        null,
        1,
        1,
        1,
        1,
        1,
        null,
        null,
        null,
        1,
        1,
        1,
        1,
        1,
        1,
        null,
        null,
        null,
        1,
        1,
        1,
        null,
        null,
        null,
        1,
        1,
        1,
        1,
        null,
        null,
        null,
        null,
        1,
        1,
        1,
        null,
        null,
        null,
        null,
        1,
        null,
        null,
        1,
        1,
        1,
        1,
        1,
        null,
        null,
        1,
        1,
        1,
        1,
        null,
        null,
        null,
        1,
        1,
        1,
        1,
        1,
        null,
        null,
        null,
        null,
        1,
        1,
        1,
        1,
        1,
        null,
        null,
        null,
        1,
        1,
        1,
        1,
        null,
        null,
        null,
        null
      ],
      "/home/mat/Área de Trabalho/speedfy/TrabEngSoftware/app/controllers/jogos_controller.rb": [
        1,
        1,
        null,
        null,
        null,
        1,
        2,
        null,
        null,
        null,
        null,
        1,
        null,
        null,
        null,
        1,
        1,
        1,
        null,
        null,
        null,
        1,
        1,
        null,
        null,
        null,
        null,
        1,
        null,
        5,
        null,
        5,
        5,
        5,
        5,
        5,
        8,
        4,
        null,
        2,
        1,
        1,
        null,
        null,
        null,
        null,
        null,
        null,
        1,
        7,
        7,
        7,
        10,
        5,
        null,
        4,
        2,
        2,
        null,
        null,
        null,
        null,
        null,
        null,
        1,
        3,
        3,
        6,
        3,
        null,
        null,
        null,
        null,
        null,
        1,
        1,
        1,
        1,
        1,
        null,
        null,
        null,
        null,
        1,
        2,
        2,
        null,
        2,
        1,
        2,
        1,
        null,
        null,
        null,
        null,
        1,
        null,
        1,
        12,
        null,
        null,
        null,
        1,
        24,
        null,
        null
      ],
      "/home/mat/Área de Trabalho/speedfy/TrabEngSoftware/app/models/genero.rb": [
        1,
        1,
        1,
        1,
        1,
        null
      ],
      "/home/mat/Área de Trabalho/speedfy/TrabEngSoftware/spec/controllers/pontos_controller_spec.rb": [
        1,
        1,
        1,
        null,
        1,
        null,
        null,
        null,
        null,
        null,
        null,
        1,
        1,
        0,
        null,
        1,
        null,
        null,
        null,
        null,
        null,
        null,
        null,
        null,
        null,
        null,
        1,
        1,
        0,
        null,
        1,
        null,
        null,
        null,
        null,
        null,
        null,
        1,
        null,
        null,
        null,
        null,
        null,
        null,
        null,
        null,
        null,
        null,
        null,
        null,
        null,
        null,
        1,
        null,
        null,
        null,
        0,
        null,
        null,
        1,
        null,
        null,
        null,
        1,
        null,
        null,
        null,
        1,
        1,
        1,
        1,
        1,
        null,
        null,
        null,
        null,
        null,
        1,
        1,
        1,
        1,
        null,
        null,
        null,
        null,
        null
      ],
      "/home/mat/Área de Trabalho/speedfy/TrabEngSoftware/app/controllers/pontos_controller.rb": [
        1,
        null,
        1,
        2,
        2,
        1,
        null,
        1,
        1,
        null,
        null,
        null
      ],
      "/home/mat/Área de Trabalho/speedfy/TrabEngSoftware/spec/controllers/sessions_controller_spec.rb": [
        1,
        1,
        1,
        null,
        1,
        null,
        1,
        1,
        1,
        1,
        null,
        null,
        null,
        null
      ],
      "/home/mat/Área de Trabalho/speedfy/TrabEngSoftware/app/controllers/sessions_controller.rb": [
        1,
        null,
        1,
        null,
        null,
        1,
        1,
        1,
        1,
        1,
        1,
        2,
        1,
        null,
        0,
        0,
        null,
        null,
        null,
        null,
        1,
        0,
        0,
        null,
        null
      ],
      "/home/mat/Área de Trabalho/speedfy/TrabEngSoftware/spec/controllers/torneios_controller_spec.rb": [
        1,
        1,
        1,
        null,
        1,
        null,
        1,
        1,
        0,
        null,
        1,
        null,
        null,
        null,
        null,
        null,
        1,
        1,
        0,
        null,
        1,
        null,
        null,
        null,
        null,
        null,
        null,
        null,
        null,
        null,
        null,
        1,
        null,
        null,
        null,
        null,
        null,
        null,
        20,
        null,
        null,
        1,
        null,
        null,
        null,
        null,
        null,
        null,
        1,
        null,
        null,
        null,
        1,
        null,
        null,
        null,
        null,
        null,
        null,
        2,
        null,
        null,
        1,
        null,
        null,
        null,
        null,
        null,
        null,
        2,
        null,
        null,
        1,
        null,
        null,
        null,
        null,
        null,
        null,
        2,
        null,
        null,
        1,
        null,
        null,
        null,
        null,
        null,
        null,
        2,
        null,
        null,
        1,
        null,
        null,
        null,
        null,
        null,
        null,
        2,
        null,
        null,
        null,
        null,
        null,
        null,
        1,
        null,
        1,
        1,
        1,
        1,
        1,
        null,
        null,
        null,
        1,
        1,
        1,
        1,
        1,
        null,
        null,
        null,
        1,
        1,
        1,
        1,
        null,
        null,
        null,
        1,
        1,
        1,
        1,
        1,
        null,
        null,
        null,
        1,
        1,
        1,
        1,
        1,
        null,
        null,
        null,
        null,
        1,
        1,
        1,
        1,
        1,
        null,
        null,
        null,
        1,
        1,
        1,
        null,
        null,
        null,
        1,
        1,
        1,
        null,
        null,
        null,
        1,
        1,
        1,
        1,
        null,
        null,
        1,
        1,
        1,
        1,
        null,
        null,
        null,
        1,
        1,
        1,
        1,
        null,
        null,
        null,
        1,
        1,
        1,
        null,
        null,
        null,
        1,
        1,
        1,
        null,
        null,
        null,
        1,
        1,
        1,
        null,
        null,
        null,
        1,
        1,
        1,
        null,
        null,
        null,
        null,
        null,
        1,
        1,
        1,
        null,
        null,
        null,
        null,
        null,
        null,
        2,
        null,
        null,
        1,
        1,
        1,
        1,
        1,
        1,
        null,
        null,
        1,
        1,
        1,
        1,
        1,
        1,
        1,
        null,
        null,
        1,
        1,
        1,
        1,
        null,
        null,
        null,
        1,
        1,
        1,
        1,
        1,
        null,
        null,
        1,
        1,
        1,
        1,
        1,
        null,
        null,
        null,
        1,
        1,
        1,
        1,
        1,
        null,
        null,
        1,
        1,
        1,
        1,
        null,
        null,
        1,
        1,
        1,
        1,
        null,
        null,
        1,
        1,
        1,
        1,
        null,
        null,
        1,
        1,
        1,
        1,
        null,
        null,
        null,
        null,
        null,
        null,
        1,
        1,
        null,
        null,
        null,
        null,
        null,
        null,
        4,
        null,
        null,
        1,
        1,
        1,
        1,
        null,
        null,
        null,
        1,
        1,
        1,
        1,
        null,
        null,
        1,
        1,
        1,
        1,
        1,
        1,
        1,
        1,
        1,
        1,
        null,
        null,
        1,
        1,
        1,
        1,
        1,
        1,
        1,
        1,
        null,
        null,
        1,
        1,
        1,
        1,
        1,
        1,
        1,
        1,
        null,
        null,
        1,
        1,
        1,
        1,
        1,
        1,
        1,
        1,
        1,
        1,
        1,
        null,
        null,
        null,
        null,
        null,
        1,
        null,
        null,
        1,
        null,
        null,
        null,
        null,
        null,
        null,
        8,
        null,
        null,
        1,
        1,
        1,
        1,
        1,
        1,
        1,
        1,
        1,
        1,
        null,
        null,
        null,
        1,
        1,
        1,
        1,
        1,
        1,
        1,
        1,
        1,
        1,
        null,
        null,
        1,
        1,
        1,
        1,
        1,
        1,
        1,
        null,
        null,
        1,
        1,
        1,
        1,
        1,
        1,
        1,
        1,
        1,
        1,
        1,
        1,
        null,
        null,
        1,
        1,
        1,
        1,
        1,
        1,
        1,
        1,
        1,
        null,
        null,
        1,
        1,
        1,
        1,
        1,
        1,
        1,
        1,
        1,
        null,
        null,
        1,
        1,
        1,
        1,
        1,
        1,
        1,
        1,
        1,
        1,
        1,
        1,
        1,
        1,
        null,
        null,
        1,
        1,
        1,
        1,
        1,
        1,
        1,
        1,
        1,
        1,
        1,
        1,
        1,
        1,
        null,
        null,
        null,
        null,
        null,
        null,
        null,
        null
      ],
      "/home/mat/Área de Trabalho/speedfy/TrabEngSoftware/app/controllers/torneios_controller.rb": [
        1,
        1,
        null,
        null,
        null,
        1,
        1,
        null,
        null,
        null,
        null,
        1,
        null,
        null,
        null,
        1,
        1,
        null,
        null,
        null,
        1,
        null,
        null,
        null,
        null,
        1,
        10,
        10,
        10,
        6,
        3,
        null,
        14,
        7,
        null,
        null,
        null,
        null,
        null,
        null,
        1,
        null,
        10,
        10,
        6,
        3,
        null,
        14,
        7,
        null,
        null,
        null,
        null,
        null,
        null,
        1,
        2,
        2,
        4,
        2,
        null,
        null,
        null,
        null,
        null,
        1,
        1,
        1,
        null,
        1,
        null,
        null,
        null,
        1,
        15,
        15,
        15,
        15,
        22,
        null,
        null,
        8,
        4,
        null,
        null,
        null,
        null,
        null,
        1,
        null,
        1,
        15,
        null,
        null,
        null,
        1,
        30,
        null,
        null,
        1,
        30,
        null,
        null
      ],
      "/home/mat/Área de Trabalho/speedfy/TrabEngSoftware/spec/controllers/usuarios_controller_spec.rb": [
        1,
        1,
        1,
        null,
        1,
        null,
        1,
        null,
        null,
        null,
        null,
        null,
        null,
        null,
        null,
        12,
        null,
        null,
        1,
        null,
        null,
        2,
        null,
        null,
        16,
        null,
        1,
        1,
        1,
        1,
        1,
        null,
        null,
        null,
        1,
        1,
        1,
        1,
        1,
        null,
        null,
        null,
        1,
        1,
        1,
        1,
        null,
        null,
        null,
        1,
        1,
        1,
        1,
        1,
        null,
        null,
        null,
        1,
        1,
        1,
        1,
        null,
        null,
        null,
        1,
        1,
        null,
        1,
        1,
        1,
        1,
        1,
        1,
        null,
        null,
        null,
        1,
        1,
        1,
        1,
        1,
        null,
        null,
        null,
        null,
        1,
        1,
        1,
        null,
        null,
        1,
        1,
        1,
        1,
        null,
        null,
        null,
        null,
        null,
        1,
        1,
        1,
        1,
        null,
        null,
        null,
        null,
        1,
        1,
        1,
        null,
        null,
        null,
        null,
        null,
        null,
        null,
        1,
        null,
        null,
        1,
        1,
        1,
        1,
        1,
        null,
        null,
        1,
        1,
        1,
        1,
        null,
        null,
        null,
        1,
        1,
        1,
        1,
        1,
        null,
        null,
        null,
        null,
        1,
        1,
        1,
        1,
        1,
        null,
        null,
        null,
        1,
        1,
        1,
        1,
        null,
        null,
        null,
        null
      ],
      "/home/mat/Área de Trabalho/speedfy/TrabEngSoftware/app/controllers/usuarios_controller.rb": [
        1,
        1,
        null,
        null,
        null,
        1,
        1,
        null,
        null,
        null,
        null,
        1,
        null,
        null,
        null,
        1,
        1,
        null,
        null,
        null,
        1,
        null,
        null,
        null,
        null,
        1,
        6,
        6,
        6,
        6,
        6,
        6,
        5,
        5,
        10,
        5,
        null,
        2,
        1,
        null,
        null,
        null,
        0,
        0,
        null,
        null,
        null,
        null,
        null,
        null,
        null,
        1,
        3,
        3,
        3,
        4,
        2,
        null,
        2,
        1,
        null,
        null,
        null,
        null,
        null,
        null,
        1,
        2,
        2,
        4,
        2,
        null,
        null,
        null,
        null,
        1,
        null,
        null,
        null,
        1,
        1,
        1,
        1,
        2,
        null,
        null,
        null,
        1,
        null,
        1,
        7,
        null,
        null,
        null,
        1,
        24,
        null,
        null
      ],
      "/home/mat/Área de Trabalho/speedfy/TrabEngSoftware/spec/routing/contatos_routing_spec.rb": [
        1,
        null,
        1,
        1,
        null,
        1,
        1,
        null,
        null,
        1,
        1,
        null,
        null,
        1,
        1,
        null,
        null,
        1,
        1,
        null,
        null,
        1,
        1,
        null,
        null,
        1,
        1,
        null,
        null,
        1,
        1,
        null,
        null,
        1,
        1,
        null,
        null,
        null,
        null
      ],
      "/home/mat/Área de Trabalho/speedfy/TrabEngSoftware/spec/routing/hackroms_routing_spec.rb": [
        1,
        null,
        1,
        1,
        null,
        1,
        1,
        null,
        null,
        1,
        1,
        null,
        null,
        1,
        1,
        null,
        null,
        1,
        1,
        null,
        null,
        1,
        1,
        null,
        null,
        1,
        1,
        null,
        null,
        1,
        1,
        null,
        null,
        1,
        1,
        null,
        null,
        null,
        null
      ],
      "/home/mat/Área de Trabalho/speedfy/TrabEngSoftware/spec/routing/pontos_routing_spec.rb": [
        1,
        null,
        1,
        1,
        null,
        1,
        1,
        null,
        null,
        1,
        1,
        null,
        null,
        1,
        1,
        null,
        null,
        1,
        1,
        null,
        null,
        1,
        1,
        null,
        null,
        1,
        1,
        null,
        null,
        1,
        1,
        null,
        null,
        1,
        1,
        null,
        null,
        null,
        null
      ],
      "/home/mat/Área de Trabalho/speedfy/TrabEngSoftware/spec/routing/torneios_routing_spec.rb": [
        1,
        null,
        1,
        1,
        null,
        1,
        1,
        null,
        null,
        1,
        1,
        null,
        null,
        1,
        1,
        null,
        null,
        1,
        1,
        null,
        null,
        1,
        1,
        null,
        null,
        1,
        1,
        null,
        null,
        1,
        1,
        null,
        null,
        1,
        1,
        null,
        null,
        null,
        null
      ],
      "/home/mat/Área de Trabalho/speedfy/TrabEngSoftware/spec/views/contatos/edit.html.erb_spec.rb": [
        1,
        null,
        1,
        1,
        1,
        null,
        null,
        null,
        null,
        null,
        null,
        1,
        1,
        null,
        1,
        null,
        1,
        null,
        1,
        null,
        1,
        null,
        null,
        null
      ],
      "/home/mat/Área de Trabalho/speedfy/TrabEngSoftware/spec/views/contatos/index.html.erb_spec.rb": [
        1,
        null,
        1,
        1,
        1,
        null,
        null,
        null,
        null,
        null,
        null,
        null,
        null,
        null,
        null,
        null,
        null,
        null,
        1,
        1,
        1,
        1,
        1,
        null,
        null
      ],
      "/home/mat/Área de Trabalho/speedfy/TrabEngSoftware/spec/views/contatos/new.html.erb_spec.rb": [
        1,
        null,
        1,
        1,
        1,
        null,
        null,
        null,
        null,
        null,
        null,
        1,
        1,
        null,
        1,
        null,
        1,
        null,
        1,
        null,
        1,
        null,
        null,
        null
      ],
      "/home/mat/Área de Trabalho/speedfy/TrabEngSoftware/spec/views/contatos/show.html.erb_spec.rb": [
        1,
        null,
        1,
        1,
        1,
        null,
        null,
        null,
        null,
        null,
        null,
        1,
        1,
        1,
        1,
        1,
        null,
        null
      ],
      "/home/mat/Área de Trabalho/speedfy/TrabEngSoftware/app/models/amigo.rb": [
        1,
        1,
        1,
        1,
        1,
        null,
        null,
        null,
        null,
        null,
        null,
        null,
        null,
        null,
        null,
        null,
        null,
        null
      ],
      "/home/mat/Área de Trabalho/speedfy/TrabEngSoftware/app/models/comentario.rb": [
        1,
        1,
        null
      ],
      "/home/mat/Área de Trabalho/speedfy/TrabEngSoftware/app/models/contato.rb": [
        1,
        null
      ],
      "/home/mat/Área de Trabalho/speedfy/TrabEngSoftware/app/mailers/user_send_mailer.rb": [
        1,
        1,
        null,
        null,
        1,
        3,
        3,
        null,
        null,
        null,
        null
      ],
      "/home/mat/Área de Trabalho/speedfy/TrabEngSoftware/app/mailers/application_mailer.rb": [
        1,
        1,
        1,
        null,
        null
      ],
      "/home/mat/Área de Trabalho/speedfy/TrabEngSoftware/app/models/jogos_genero.rb": [
        1,
        1,
        1,
        null
      ],
      "/home/mat/Área de Trabalho/speedfy/TrabEngSoftware/app/models/hackrom.rb": [
        1,
        1,
        null
      ],
      "/home/mat/Área de Trabalho/speedfy/TrabEngSoftware/app/models/ponto.rb": [
        1,
        1,
        null
      ],
      "/home/mat/Área de Trabalho/speedfy/TrabEngSoftware/app/models/torneio.rb": [
        1,
        1,
        1,
        1,
        1,
        1,
        1,
        36,
        2,
        null,
        36,
        4,
        null,
        null,
        null,
        1,
        10,
        10,
        1,
        null,
        10,
        null,
        null,
        1,
        10,
        10,
        1,
        null,
        10,
        null,
        null
      ],
      "/home/mat/Área de Trabalho/speedfy/TrabEngSoftware/app/models/jogada_torneio.rb": [
        1,
        1,
        1,
        1,
        1,
        15,
        1,
        null,
        15,
        1,
        null,
        15,
        15,
        15,
        1,
        null,
        null,
        0,
        null,
        null,
        null,
        null,
        1,
        null,
        1,
        15,
        null,
        null,
        1,
        15,
        15,
        15,
        15,
        15,
        14,
        null,
        1,
        null,
        null
      ],
      "/home/mat/Área de Trabalho/speedfy/TrabEngSoftware/app/mailers/contato_mailer.rb": [
        1,
        1,
        null,
        null,
        1,
        5,
        5,
        null,
        null,
        null,
        null
      ]
    },
    "timestamp": 1512373356
  }
}
